mode: set
github.com/joaohgf/magalu-cli/internal/runner/root/root.go:14.26,16.2 1 1
github.com/joaohgf/magalu-cli/internal/runner/root/root.go:19.66,21.16 2 1
github.com/joaohgf/magalu-cli/internal/runner/root/root.go:21.16,23.3 1 0
github.com/joaohgf/magalu-cli/internal/runner/root/root.go:24.2,24.12 1 1
github.com/joaohgf/magalu-cli/internal/runner/root/root.go:29.63,32.18 3 1
github.com/joaohgf/magalu-cli/internal/runner/root/root.go:32.18,34.3 1 0
github.com/joaohgf/magalu-cli/internal/runner/root/root.go:35.2,36.12 2 1
github.com/joaohgf/magalu-cli/internal/core/usecase/task/add.go:19.67,21.2 1 1
github.com/joaohgf/magalu-cli/internal/core/usecase/task/add.go:26.82,28.41 1 1
github.com/joaohgf/magalu-cli/internal/core/usecase/task/add.go:28.41,30.3 1 1
github.com/joaohgf/magalu-cli/internal/core/usecase/task/add.go:31.2,32.16 2 1
github.com/joaohgf/magalu-cli/internal/core/usecase/task/add.go:32.16,34.3 1 1
github.com/joaohgf/magalu-cli/internal/core/usecase/task/add.go:35.2,35.19 1 1
github.com/joaohgf/magalu-cli/internal/core/usecase/task/add.go:38.49,39.17 1 1
github.com/joaohgf/magalu-cli/internal/core/usecase/task/add.go:39.17,41.3 1 1
github.com/joaohgf/magalu-cli/internal/core/usecase/task/add.go:42.2,42.19 1 1
github.com/joaohgf/magalu-cli/internal/core/usecase/task/add.go:42.19,44.3 1 1
github.com/joaohgf/magalu-cli/internal/core/usecase/task/add.go:45.2,45.22 1 1
github.com/joaohgf/magalu-cli/internal/core/usecase/task/add.go:45.22,47.3 1 1
github.com/joaohgf/magalu-cli/internal/core/usecase/task/add.go:48.2,48.43 1 1
github.com/joaohgf/magalu-cli/internal/core/usecase/task/add.go:48.43,50.3 1 1
github.com/joaohgf/magalu-cli/internal/core/usecase/task/add.go:51.2,51.39 1 1
github.com/joaohgf/magalu-cli/internal/core/usecase/task/add.go:51.39,53.3 1 1
github.com/joaohgf/magalu-cli/internal/core/usecase/task/add.go:54.2,54.12 1 1
github.com/joaohgf/magalu-cli/internal/core/usecase/task/delete.go:15.75,17.2 1 1
github.com/joaohgf/magalu-cli/internal/core/usecase/task/delete.go:19.73,20.38 1 1
github.com/joaohgf/magalu-cli/internal/core/usecase/task/delete.go:20.38,22.3 1 1
github.com/joaohgf/magalu-cli/internal/core/usecase/task/delete.go:23.2,24.16 2 1
github.com/joaohgf/magalu-cli/internal/core/usecase/task/delete.go:24.16,26.3 1 1
github.com/joaohgf/magalu-cli/internal/core/usecase/task/delete.go:27.2,27.12 1 1
github.com/joaohgf/magalu-cli/internal/core/usecase/task/done.go:19.9,24.2 1 1
github.com/joaohgf/magalu-cli/internal/core/usecase/task/done.go:26.85,27.38 1 1
github.com/joaohgf/magalu-cli/internal/core/usecase/task/done.go:27.38,29.3 1 1
github.com/joaohgf/magalu-cli/internal/core/usecase/task/done.go:30.2,31.16 2 1
github.com/joaohgf/magalu-cli/internal/core/usecase/task/done.go:31.16,33.3 1 1
github.com/joaohgf/magalu-cli/internal/core/usecase/task/done.go:34.2,36.16 3 1
github.com/joaohgf/magalu-cli/internal/core/usecase/task/done.go:36.16,38.3 1 1
github.com/joaohgf/magalu-cli/internal/core/usecase/task/done.go:39.2,39.25 1 1
github.com/joaohgf/magalu-cli/internal/core/usecase/task/find.go:15.64,17.2 1 1
github.com/joaohgf/magalu-cli/internal/core/usecase/task/find.go:19.85,20.21 1 1
github.com/joaohgf/magalu-cli/internal/core/usecase/task/find.go:20.21,22.3 1 1
github.com/joaohgf/magalu-cli/internal/core/usecase/task/find.go:23.2,24.16 2 1
github.com/joaohgf/magalu-cli/internal/core/usecase/task/find.go:24.16,26.3 1 1
github.com/joaohgf/magalu-cli/internal/core/usecase/task/find.go:27.2,27.18 1 1
github.com/joaohgf/magalu-cli/internal/core/usecase/task/list.go:17.90,19.2 1 1
github.com/joaohgf/magalu-cli/internal/core/usecase/task/list.go:22.96,26.2 3 1
github.com/joaohgf/magalu-cli/internal/core/usecase/task/list.go:28.54,29.27 1 1
github.com/joaohgf/magalu-cli/internal/core/usecase/task/list.go:29.27,31.3 1 0
github.com/joaohgf/magalu-cli/internal/core/usecase/task/list.go:32.2,32.27 1 1
github.com/joaohgf/magalu-cli/internal/core/usecase/task/list.go:32.27,34.3 1 0
github.com/joaohgf/magalu-cli/internal/core/usecase/task/update.go:19.11,24.2 1 1
github.com/joaohgf/magalu-cli/internal/core/usecase/task/update.go:26.87,27.38 1 1
github.com/joaohgf/magalu-cli/internal/core/usecase/task/update.go:27.38,29.3 1 1
github.com/joaohgf/magalu-cli/internal/core/usecase/task/update.go:30.2,31.16 2 1
github.com/joaohgf/magalu-cli/internal/core/usecase/task/update.go:31.16,33.3 1 1
github.com/joaohgf/magalu-cli/internal/core/usecase/task/update.go:34.2,34.28 1 1
github.com/joaohgf/magalu-cli/internal/core/usecase/task/update.go:34.28,36.3 1 1
github.com/joaohgf/magalu-cli/internal/core/usecase/task/update.go:37.2,39.16 3 1
github.com/joaohgf/magalu-cli/internal/core/usecase/task/update.go:39.16,41.3 1 1
github.com/joaohgf/magalu-cli/internal/core/usecase/task/update.go:42.2,42.25 1 1
github.com/joaohgf/magalu-cli/internal/core/usecase/task/update.go:46.72,47.24 1 1
github.com/joaohgf/magalu-cli/internal/core/usecase/task/update.go:47.24,49.3 1 1
github.com/joaohgf/magalu-cli/internal/core/usecase/task/update.go:50.2,50.30 1 1
github.com/joaohgf/magalu-cli/internal/core/usecase/task/update.go:50.30,52.3 1 0
github.com/joaohgf/magalu-cli/internal/core/usecase/task/update.go:53.2,53.36 1 1
github.com/joaohgf/magalu-cli/internal/core/usecase/task/update.go:53.36,55.3 1 0
github.com/joaohgf/magalu-cli/internal/core/usecase/task/update.go:56.2,56.26 1 1
github.com/joaohgf/magalu-cli/internal/core/usecase/task/update.go:56.26,58.3 1 0
github.com/joaohgf/magalu-cli/internal/core/usecase/task/update.go:59.2,59.71 1 1
github.com/joaohgf/magalu-cli/internal/core/usecase/task/update.go:59.71,61.3 1 0
github.com/joaohgf/magalu-cli/internal/core/usecase/task/update.go:62.2,62.17 1 1
github.com/joaohgf/magalu-cli/internal/render/render.go:15.53,17.2 1 1
github.com/joaohgf/magalu-cli/internal/render/render.go:21.63,23.9 2 1
github.com/joaohgf/magalu-cli/internal/render/render.go:23.9,25.3 1 0
github.com/joaohgf/magalu-cli/internal/render/render.go:26.2,26.16 1 1
github.com/joaohgf/magalu-cli/internal/render/render.go:27.23,28.27 1 1
github.com/joaohgf/magalu-cli/internal/render/render.go:29.23,30.27 1 1
github.com/joaohgf/magalu-cli/internal/render/render.go:31.10,32.28 1 1
github.com/joaohgf/magalu-cli/internal/core/domain/task.go:23.108,33.2 1 0
github.com/joaohgf/magalu-cli/internal/core/domain/task.go:36.31,37.14 1 0
github.com/joaohgf/magalu-cli/internal/core/domain/task.go:37.14,39.3 1 0
github.com/joaohgf/magalu-cli/internal/core/domain/task.go:40.2,40.13 1 0
github.com/joaohgf/magalu-cli/internal/core/domain/task.go:44.39,46.2 1 0
github.com/joaohgf/magalu-cli/internal/core/domain/task.go:49.29,50.14 1 0
github.com/joaohgf/magalu-cli/internal/core/domain/task.go:50.14,52.3 1 0
github.com/joaohgf/magalu-cli/internal/core/domain/task.go:53.2,54.28 2 0
github.com/joaohgf/magalu-cli/internal/core/domain/task.go:58.31,61.2 1 0
github.com/joaohgf/magalu-cli/internal/core/domain/task.go:64.42,65.17 1 0
github.com/joaohgf/magalu-cli/internal/core/domain/task.go:65.17,67.3 1 0
github.com/joaohgf/magalu-cli/internal/core/domain/task.go:68.2,68.36 1 0
github.com/joaohgf/magalu-cli/internal/core/domain/task.go:68.36,70.3 1 0
github.com/joaohgf/magalu-cli/internal/core/domain/task.go:71.2,71.95 1 0
github.com/joaohgf/magalu-cli/internal/core/domain/task.go:71.95,73.3 1 0
github.com/joaohgf/magalu-cli/internal/core/domain/task.go:74.2,74.113 1 0
github.com/joaohgf/magalu-cli/internal/core/domain/task.go:74.113,76.3 1 0
github.com/joaohgf/magalu-cli/internal/core/domain/task.go:77.2,77.64 1 0
github.com/joaohgf/magalu-cli/internal/core/domain/task.go:77.64,79.3 1 0
github.com/joaohgf/magalu-cli/internal/core/domain/task.go:80.2,80.72 1 0
github.com/joaohgf/magalu-cli/internal/core/domain/task.go:80.72,82.3 1 0
github.com/joaohgf/magalu-cli/internal/core/domain/task.go:83.2,83.14 1 0
github.com/joaohgf/magalu-cli/internal/core/domain/task.go:87.36,88.14 1 0
github.com/joaohgf/magalu-cli/internal/core/domain/task.go:88.14,90.3 1 0
github.com/joaohgf/magalu-cli/internal/core/domain/task.go:91.2,95.60 1 0
github.com/joaohgf/magalu-cli/internal/core/domain/task_filter.go:14.46,20.2 1 0
github.com/joaohgf/magalu-cli/internal/core/domain/task_filter.go:23.38,24.22 1 0
github.com/joaohgf/magalu-cli/internal/core/domain/task_filter.go:24.22,26.3 1 0
github.com/joaohgf/magalu-cli/internal/core/domain/task_filter.go:27.2,27.21 1 0
github.com/joaohgf/magalu-cli/internal/core/domain/task_filter.go:31.46,33.2 1 0
github.com/joaohgf/magalu-cli/internal/core/domain/task_filter.go:36.38,38.2 1 0
github.com/joaohgf/magalu-cli/internal/core/domain/task_filter.go:42.49,43.18 1 0
github.com/joaohgf/magalu-cli/internal/core/domain/task_filter.go:43.18,45.3 1 0
github.com/joaohgf/magalu-cli/internal/core/domain/task_filter.go:46.2,47.18 2 0
github.com/joaohgf/magalu-cli/internal/core/domain/task_filter.go:51.37,53.2 1 0
github.com/joaohgf/magalu-cli/internal/core/domain/task_filter.go:56.41,58.2 1 0
github.com/joaohgf/magalu-cli/internal/core/domain/task_filter.go:61.37,63.2 1 0
github.com/joaohgf/magalu-cli/internal/core/domain/task_filter.go:66.41,68.2 1 0
github.com/joaohgf/magalu-cli/internal/core/domain/task_filter.go:71.52,73.2 1 0
github.com/joaohgf/magalu-cli/internal/core/domain/task_filter.go:76.44,78.2 1 0
github.com/joaohgf/magalu-cli/internal/core/domain/task_filter.go:81.43,83.2 1 0
github.com/joaohgf/magalu-cli/internal/core/domain/task_filter.go:86.38,88.2 1 0
github.com/joaohgf/magalu-cli/internal/enum/color.go:13.44,14.18 1 0
github.com/joaohgf/magalu-cli/internal/enum/color.go:15.20,16.51 1 0
github.com/joaohgf/magalu-cli/internal/enum/color.go:17.22,18.54 1 0
github.com/joaohgf/magalu-cli/internal/enum/color.go:19.19,20.53 1 0
github.com/joaohgf/magalu-cli/internal/enum/color.go:21.10,22.52 1 0
github.com/joaohgf/magalu-cli/internal/enum/color.go:27.40,28.16 1 0
github.com/joaohgf/magalu-cli/internal/enum/color.go:29.18,30.51 1 0
github.com/joaohgf/magalu-cli/internal/enum/color.go:31.24,32.52 1 0
github.com/joaohgf/magalu-cli/internal/enum/color.go:33.10,34.50 1 0
github.com/joaohgf/magalu-cli/internal/enum/of.go:9.31,11.2 1 0
github.com/joaohgf/magalu-cli/internal/enum/of.go:14.32,16.2 1 0
github.com/joaohgf/magalu-cli/internal/enum/of.go:20.29,25.2 4 0
github.com/joaohgf/magalu-cli/internal/enum/output.go:13.35,15.16 2 0
github.com/joaohgf/magalu-cli/internal/enum/output.go:16.18,17.20 1 0
github.com/joaohgf/magalu-cli/internal/enum/output.go:18.18,19.20 1 0
github.com/joaohgf/magalu-cli/internal/enum/output.go:20.19,21.21 1 0
github.com/joaohgf/magalu-cli/internal/enum/output.go:22.10,23.23 1 0
github.com/joaohgf/magalu-cli/internal/enum/priority.go:12.37,14.16 2 0
github.com/joaohgf/magalu-cli/internal/enum/priority.go:15.19,16.21 1 0
github.com/joaohgf/magalu-cli/internal/enum/priority.go:17.22,18.24 1 0
github.com/joaohgf/magalu-cli/internal/enum/priority.go:19.20,20.22 1 0
github.com/joaohgf/magalu-cli/internal/enum/priority.go:21.10,22.25 1 0
github.com/joaohgf/magalu-cli/internal/enum/status.go:11.35,13.16 2 0
github.com/joaohgf/magalu-cli/internal/enum/status.go:14.24,15.26 1 0
github.com/joaohgf/magalu-cli/internal/enum/status.go:16.18,17.20 1 0
github.com/joaohgf/magalu-cli/internal/enum/status.go:18.10,19.23 1 0
github.com/joaohgf/magalu-cli/internal/runner/task/add.go:23.14,25.2 1 1
github.com/joaohgf/magalu-cli/internal/runner/task/add.go:30.67,36.19 6 1
github.com/joaohgf/magalu-cli/internal/runner/task/add.go:36.19,38.3 1 1
github.com/joaohgf/magalu-cli/internal/runner/task/add.go:39.2,48.27 3 1
github.com/joaohgf/magalu-cli/internal/runner/task/add.go:48.27,50.17 2 1
github.com/joaohgf/magalu-cli/internal/runner/task/add.go:50.17,52.4 1 1
github.com/joaohgf/magalu-cli/internal/runner/task/add.go:53.3,53.37 1 1
github.com/joaohgf/magalu-cli/internal/runner/task/add.go:55.2,57.16 3 1
github.com/joaohgf/magalu-cli/internal/runner/task/add.go:57.16,59.3 1 1
github.com/joaohgf/magalu-cli/internal/runner/task/add.go:60.2,61.12 2 1
github.com/joaohgf/magalu-cli/internal/runner/task/delete.go:18.17,20.2 1 1
github.com/joaohgf/magalu-cli/internal/runner/task/delete.go:25.70,27.19 2 1
github.com/joaohgf/magalu-cli/internal/runner/task/delete.go:27.19,29.3 1 1
github.com/joaohgf/magalu-cli/internal/runner/task/delete.go:30.2,33.16 4 1
github.com/joaohgf/magalu-cli/internal/runner/task/delete.go:33.16,35.3 1 1
github.com/joaohgf/magalu-cli/internal/runner/task/delete.go:36.2,37.12 2 1
github.com/joaohgf/magalu-cli/internal/runner/task/done.go:18.15,20.2 1 1
github.com/joaohgf/magalu-cli/internal/runner/task/done.go:25.68,27.19 2 1
github.com/joaohgf/magalu-cli/internal/runner/task/done.go:27.19,29.3 1 1
github.com/joaohgf/magalu-cli/internal/runner/task/done.go:30.2,33.16 4 1
github.com/joaohgf/magalu-cli/internal/runner/task/done.go:33.16,35.3 1 1
github.com/joaohgf/magalu-cli/internal/runner/task/done.go:36.2,37.12 2 1
github.com/joaohgf/magalu-cli/internal/runner/task/find.go:18.15,20.2 1 1
github.com/joaohgf/magalu-cli/internal/runner/task/find.go:25.68,27.19 2 1
github.com/joaohgf/magalu-cli/internal/runner/task/find.go:27.19,29.3 1 1
github.com/joaohgf/magalu-cli/internal/runner/task/find.go:30.2,32.16 3 1
github.com/joaohgf/magalu-cli/internal/runner/task/find.go:32.16,34.3 1 1
github.com/joaohgf/magalu-cli/internal/runner/task/find.go:35.2,36.12 2 1
github.com/joaohgf/magalu-cli/internal/runner/task/list.go:23.15,25.2 1 1
github.com/joaohgf/magalu-cli/internal/runner/task/list.go:30.65,34.94 4 1
github.com/joaohgf/magalu-cli/internal/runner/task/list.go:34.94,36.3 1 0
github.com/joaohgf/magalu-cli/internal/runner/task/list.go:37.2,37.104 1 1
github.com/joaohgf/magalu-cli/internal/runner/task/list.go:37.104,39.3 1 1
github.com/joaohgf/magalu-cli/internal/runner/task/list.go:40.2,42.16 3 1
github.com/joaohgf/magalu-cli/internal/runner/task/list.go:42.16,44.17 2 1
github.com/joaohgf/magalu-cli/internal/runner/task/list.go:44.17,46.4 1 0
github.com/joaohgf/magalu-cli/internal/runner/task/list.go:47.3,47.34 1 1
github.com/joaohgf/magalu-cli/internal/runner/task/list.go:49.2,50.16 2 1
github.com/joaohgf/magalu-cli/internal/runner/task/list.go:50.16,52.17 2 1
github.com/joaohgf/magalu-cli/internal/runner/task/list.go:52.17,54.4 1 0
github.com/joaohgf/magalu-cli/internal/runner/task/list.go:55.3,55.34 1 1
github.com/joaohgf/magalu-cli/internal/runner/task/list.go:57.2,59.16 3 1
github.com/joaohgf/magalu-cli/internal/runner/task/list.go:59.16,61.3 1 1
github.com/joaohgf/magalu-cli/internal/runner/task/list.go:62.2,63.12 2 1
github.com/joaohgf/magalu-cli/internal/runner/task/update.go:22.17,24.2 1 1
github.com/joaohgf/magalu-cli/internal/runner/task/update.go:29.70,31.19 2 1
github.com/joaohgf/magalu-cli/internal/runner/task/update.go:31.19,33.3 1 1
github.com/joaohgf/magalu-cli/internal/runner/task/update.go:34.2,40.20 7 1
github.com/joaohgf/magalu-cli/internal/runner/task/update.go:40.20,42.3 1 1
github.com/joaohgf/magalu-cli/internal/runner/task/update.go:43.2,44.23 2 1
github.com/joaohgf/magalu-cli/internal/runner/task/update.go:44.23,46.17 2 1
github.com/joaohgf/magalu-cli/internal/runner/task/update.go:46.17,48.4 1 1
github.com/joaohgf/magalu-cli/internal/runner/task/update.go:49.3,49.37 1 1
github.com/joaohgf/magalu-cli/internal/runner/task/update.go:51.2,53.16 3 1
github.com/joaohgf/magalu-cli/internal/runner/task/update.go:53.16,55.3 1 1
github.com/joaohgf/magalu-cli/internal/runner/task/update.go:56.2,57.12 2 1
github.com/joaohgf/magalu-cli/internal/errors/error.go:10.37,15.2 2 0
github.com/joaohgf/magalu-cli/internal/errors/error.go:18.32,20.2 1 0
github.com/joaohgf/magalu-cli/internal/errors/error.go:23.42,25.23 2 0
github.com/joaohgf/magalu-cli/internal/errors/error.go:25.23,27.3 1 0
github.com/joaohgf/magalu-cli/internal/errors/error.go:28.2,28.25 1 0
github.com/joaohgf/magalu-cli/internal/errors/error.go:32.44,34.23 2 0
github.com/joaohgf/magalu-cli/internal/errors/error.go:34.23,36.3 1 0
github.com/joaohgf/magalu-cli/internal/errors/error.go:37.2,37.25 1 0
github.com/joaohgf/magalu-cli/internal/errors/error.go:41.42,43.23 2 0
github.com/joaohgf/magalu-cli/internal/errors/error.go:43.23,45.3 1 0
github.com/joaohgf/magalu-cli/internal/errors/error.go:46.2,46.25 1 0
github.com/joaohgf/magalu-cli/internal/errors/error.go:50.41,52.23 2 0
github.com/joaohgf/magalu-cli/internal/errors/error.go:52.23,54.3 1 0
github.com/joaohgf/magalu-cli/internal/errors/error.go:55.2,55.25 1 0
github.com/joaohgf/magalu-cli/internal/persistence/deleter.go:18.79,20.2 1 0
github.com/joaohgf/magalu-cli/internal/persistence/deleter.go:23.71,24.80 1 0
github.com/joaohgf/magalu-cli/internal/persistence/deleter.go:24.80,26.3 1 0
github.com/joaohgf/magalu-cli/internal/persistence/deleter.go:27.2,27.12 1 0
github.com/joaohgf/magalu-cli/internal/persistence/finder.go:17.77,19.2 1 0
github.com/joaohgf/magalu-cli/internal/persistence/finder.go:22.73,24.84 2 0
github.com/joaohgf/magalu-cli/internal/persistence/finder.go:24.84,26.3 1 0
github.com/joaohgf/magalu-cli/internal/persistence/finder.go:27.2,27.17 1 0
github.com/joaohgf/magalu-cli/internal/persistence/lister.go:20.104,22.2 1 0
github.com/joaohgf/magalu-cli/internal/persistence/lister.go:25.76,27.16 2 0
github.com/joaohgf/magalu-cli/internal/persistence/lister.go:27.16,29.3 1 0
github.com/joaohgf/magalu-cli/internal/persistence/lister.go:30.2,32.20 3 0
github.com/joaohgf/magalu-cli/internal/persistence/lister.go:37.62,39.16 2 0
github.com/joaohgf/magalu-cli/internal/persistence/lister.go:39.16,40.53 1 0
github.com/joaohgf/magalu-cli/internal/persistence/lister.go:40.53,42.4 1 0
github.com/joaohgf/magalu-cli/internal/persistence/lister.go:43.3,43.104 1 0
github.com/joaohgf/magalu-cli/internal/persistence/lister.go:45.2,46.27 2 0
github.com/joaohgf/magalu-cli/internal/persistence/lister.go:46.27,49.52 1 0
github.com/joaohgf/magalu-cli/internal/persistence/lister.go:49.52,50.9 1 0
github.com/joaohgf/magalu-cli/internal/persistence/lister.go:52.3,53.59 2 0
github.com/joaohgf/magalu-cli/internal/persistence/lister.go:53.59,55.4 1 0
github.com/joaohgf/magalu-cli/internal/persistence/lister.go:56.3,56.28 1 0
github.com/joaohgf/magalu-cli/internal/persistence/lister.go:56.28,57.12 1 0
github.com/joaohgf/magalu-cli/internal/persistence/lister.go:59.3,59.26 1 0
github.com/joaohgf/magalu-cli/internal/persistence/lister.go:61.2,62.17 2 0
github.com/joaohgf/magalu-cli/internal/persistence/lister.go:66.65,71.47 2 0
github.com/joaohgf/magalu-cli/internal/persistence/lister.go:71.47,73.3 1 0
github.com/joaohgf/magalu-cli/internal/persistence/lister.go:75.2,78.52 2 0
github.com/joaohgf/magalu-cli/internal/persistence/lister.go:78.52,80.3 1 0
github.com/joaohgf/magalu-cli/internal/persistence/lister.go:81.2,82.14 2 0
github.com/joaohgf/magalu-cli/internal/persistence/saver.go:17.75,19.2 1 0
github.com/joaohgf/magalu-cli/internal/persistence/saver.go:22.72,23.87 1 0
github.com/joaohgf/magalu-cli/internal/persistence/saver.go:23.87,25.3 1 0
github.com/joaohgf/magalu-cli/internal/persistence/saver.go:26.2,26.20 1 0
github.com/joaohgf/magalu-cli/cmd/tarefeiro/main.go:11.13,14.2 2 0
github.com/joaohgf/magalu-cli/internal/cli/task/add.go:26.95,43.57 11 0
github.com/joaohgf/magalu-cli/internal/cli/task/add.go:43.57,46.3 2 0
github.com/joaohgf/magalu-cli/internal/cli/task/add.go:47.2,47.12 1 0
github.com/joaohgf/magalu-cli/internal/cli/task/delete.go:22.100,36.2 7 0
github.com/joaohgf/magalu-cli/internal/cli/task/done.go:23.102,37.2 8 0
github.com/joaohgf/magalu-cli/internal/cli/task/edit.go:22.100,42.2 13 0
github.com/joaohgf/magalu-cli/internal/cli/task/list.go:23.102,42.2 13 0
github.com/joaohgf/magalu-cli/internal/cli/task/show.go:23.102,37.2 7 0
github.com/joaohgf/magalu-cli/internal/cli/root.go:31.47,46.2 4 0
github.com/joaohgf/magalu-cli/internal/cli/root.go:50.35,52.16 2 0
github.com/joaohgf/magalu-cli/internal/cli/root.go:52.16,55.3 2 0
github.com/joaohgf/magalu-cli/internal/cli/root.go:56.2,72.16 6 0
github.com/joaohgf/magalu-cli/internal/cli/root.go:72.16,74.3 1 0
github.com/joaohgf/magalu-cli/internal/render/task/add.go:12.56,16.2 3 0
github.com/joaohgf/magalu-cli/internal/render/task/delete.go:15.62,19.2 3 1
github.com/joaohgf/magalu-cli/internal/render/task/delete.go:22.54,30.16 5 1
github.com/joaohgf/magalu-cli/internal/render/task/delete.go:30.16,32.3 1 1
github.com/joaohgf/magalu-cli/internal/render/task/delete.go:33.2,34.16 2 1
github.com/joaohgf/magalu-cli/internal/render/task/delete.go:34.16,36.3 1 1
github.com/joaohgf/magalu-cli/internal/render/task/delete.go:37.2,37.12 1 1
github.com/joaohgf/magalu-cli/internal/render/task/detail.go:22.52,26.2 1 1
github.com/joaohgf/magalu-cli/internal/render/task/detail.go:29.53,42.67 6 1
github.com/joaohgf/magalu-cli/internal/render/task/detail.go:42.67,44.3 1 0
github.com/joaohgf/magalu-cli/internal/render/task/detail.go:45.2,48.49 4 1
github.com/joaohgf/magalu-cli/internal/render/task/detail.go:48.49,50.3 1 0
github.com/joaohgf/magalu-cli/internal/render/task/detail.go:51.2,53.16 3 1
github.com/joaohgf/magalu-cli/internal/render/task/detail.go:53.16,55.3 1 1
github.com/joaohgf/magalu-cli/internal/render/task/detail.go:56.2,57.16 2 1
github.com/joaohgf/magalu-cli/internal/render/task/detail.go:57.16,59.3 1 1
github.com/joaohgf/magalu-cli/internal/render/task/detail.go:60.2,60.12 1 1
github.com/joaohgf/magalu-cli/internal/render/task/detail.go:64.52,68.16 4 1
github.com/joaohgf/magalu-cli/internal/render/task/detail.go:68.16,70.3 1 0
github.com/joaohgf/magalu-cli/internal/render/task/detail.go:71.2,71.12 1 1
github.com/joaohgf/magalu-cli/internal/render/task/detail.go:75.52,78.16 3 1
github.com/joaohgf/magalu-cli/internal/render/task/detail.go:78.16,80.3 1 0
github.com/joaohgf/magalu-cli/internal/render/task/detail.go:81.2,81.12 1 1
github.com/joaohgf/magalu-cli/internal/render/task/done.go:12.58,16.2 3 0
github.com/joaohgf/magalu-cli/internal/render/task/list.go:20.44,23.2 2 1
github.com/joaohgf/magalu-cli/internal/render/task/list.go:26.55,28.27 2 1
github.com/joaohgf/magalu-cli/internal/render/task/list.go:28.27,31.17 3 1
github.com/joaohgf/magalu-cli/internal/render/task/list.go:31.17,33.4 1 0
github.com/joaohgf/magalu-cli/internal/render/task/list.go:34.3,34.13 1 1
github.com/joaohgf/magalu-cli/internal/render/task/list.go:36.2,38.35 3 1
github.com/joaohgf/magalu-cli/internal/render/task/list.go:38.35,47.17 2 1
github.com/joaohgf/magalu-cli/internal/render/task/list.go:47.17,49.4 1 1
github.com/joaohgf/magalu-cli/internal/render/task/list.go:51.2,54.16 4 1
github.com/joaohgf/magalu-cli/internal/render/task/list.go:54.16,56.3 1 1
github.com/joaohgf/magalu-cli/internal/render/task/list.go:57.2,57.12 1 1
github.com/joaohgf/magalu-cli/internal/render/task/list.go:61.54,65.16 4 1
github.com/joaohgf/magalu-cli/internal/render/task/list.go:65.16,67.3 1 0
github.com/joaohgf/magalu-cli/internal/render/task/list.go:68.2,68.12 1 1
github.com/joaohgf/magalu-cli/internal/render/task/list.go:72.54,76.16 4 1
github.com/joaohgf/magalu-cli/internal/render/task/list.go:76.16,78.3 1 0
github.com/joaohgf/magalu-cli/internal/render/task/list.go:79.2,79.12 1 1
github.com/joaohgf/magalu-cli/internal/render/task/update.go:12.62,16.2 3 0
