mode: atomic
github.com/joaohgf/magalu-cli/cmd/tarefeiro/main.go:10.13,14.2 3 0
github.com/joaohgf/magalu-cli/internal/cli/task/add.go:23.69,40.57 11 0
github.com/joaohgf/magalu-cli/internal/cli/task/add.go:40.57,43.3 2 0
github.com/joaohgf/magalu-cli/internal/cli/task/add.go:44.2,44.12 1 0
github.com/joaohgf/magalu-cli/internal/cli/task/delete.go:19.68,31.2 5 0
github.com/joaohgf/magalu-cli/internal/cli/task/done.go:20.70,32.2 6 0
github.com/joaohgf/magalu-cli/internal/cli/task/edit.go:19.68,37.2 11 0
github.com/joaohgf/magalu-cli/internal/cli/task/list.go:22.70,41.2 13 0
github.com/joaohgf/magalu-cli/internal/cli/task/show.go:22.70,35.2 6 0
github.com/joaohgf/magalu-cli/internal/cli/root.go:28.47,43.2 4 0
github.com/joaohgf/magalu-cli/internal/cli/root.go:47.35,49.16 2 0
github.com/joaohgf/magalu-cli/internal/cli/root.go:49.16,52.3 2 0
github.com/joaohgf/magalu-cli/internal/cli/root.go:53.2,64.16 5 0
github.com/joaohgf/magalu-cli/internal/cli/root.go:64.16,66.3 1 0
github.com/joaohgf/magalu-cli/internal/core/domain/task.go:22.112,32.2 1 0
github.com/joaohgf/magalu-cli/internal/core/domain/task.go:34.31,36.2 1 0
github.com/joaohgf/magalu-cli/internal/core/domain/task.go:38.39,40.2 1 0
github.com/joaohgf/magalu-cli/internal/core/domain/task.go:42.29,45.2 2 0
github.com/joaohgf/magalu-cli/internal/core/domain/task.go:47.33,48.30 1 0
github.com/joaohgf/magalu-cli/internal/core/domain/task.go:48.30,50.3 1 0
github.com/joaohgf/magalu-cli/internal/core/domain/task.go:51.2,52.18 2 0
github.com/joaohgf/magalu-cli/internal/core/domain/task.go:55.31,57.2 1 0
github.com/joaohgf/magalu-cli/internal/core/domain/task.go:59.42,60.17 1 0
github.com/joaohgf/magalu-cli/internal/core/domain/task.go:60.17,62.3 1 0
github.com/joaohgf/magalu-cli/internal/core/domain/task.go:63.2,63.36 1 0
github.com/joaohgf/magalu-cli/internal/core/domain/task.go:63.36,65.3 1 0
github.com/joaohgf/magalu-cli/internal/core/domain/task.go:66.2,66.95 1 0
github.com/joaohgf/magalu-cli/internal/core/domain/task.go:66.95,68.3 1 0
github.com/joaohgf/magalu-cli/internal/core/domain/task.go:69.2,69.113 1 0
github.com/joaohgf/magalu-cli/internal/core/domain/task.go:69.113,71.3 1 0
github.com/joaohgf/magalu-cli/internal/core/domain/task.go:72.2,72.64 1 0
github.com/joaohgf/magalu-cli/internal/core/domain/task.go:72.64,74.3 1 0
github.com/joaohgf/magalu-cli/internal/core/domain/task.go:75.2,75.72 1 0
github.com/joaohgf/magalu-cli/internal/core/domain/task.go:75.72,77.3 1 0
github.com/joaohgf/magalu-cli/internal/core/domain/task.go:78.2,78.14 1 0
github.com/joaohgf/magalu-cli/internal/core/domain/task.go:81.36,87.2 1 0
github.com/joaohgf/magalu-cli/internal/core/domain/task_filter.go:13.46,19.2 1 0
github.com/joaohgf/magalu-cli/internal/core/domain/task_filter.go:21.38,22.22 1 0
github.com/joaohgf/magalu-cli/internal/core/domain/task_filter.go:22.22,24.3 1 0
github.com/joaohgf/magalu-cli/internal/core/domain/task_filter.go:25.2,25.21 1 0
github.com/joaohgf/magalu-cli/internal/core/domain/task_filter.go:28.46,30.2 1 0
github.com/joaohgf/magalu-cli/internal/core/domain/task_filter.go:32.38,34.2 1 0
github.com/joaohgf/magalu-cli/internal/core/domain/task_filter.go:36.49,37.18 1 0
github.com/joaohgf/magalu-cli/internal/core/domain/task_filter.go:37.18,39.3 1 0
github.com/joaohgf/magalu-cli/internal/core/domain/task_filter.go:40.2,41.18 2 0
github.com/joaohgf/magalu-cli/internal/core/domain/task_filter.go:44.37,46.2 1 0
github.com/joaohgf/magalu-cli/internal/core/domain/task_filter.go:48.41,50.2 1 0
github.com/joaohgf/magalu-cli/internal/core/domain/task_filter.go:52.37,54.2 1 0
github.com/joaohgf/magalu-cli/internal/core/domain/task_filter.go:56.41,58.2 1 0
github.com/joaohgf/magalu-cli/internal/core/domain/task_filter.go:60.52,62.2 1 0
github.com/joaohgf/magalu-cli/internal/core/domain/task_filter.go:64.44,66.2 1 0
github.com/joaohgf/magalu-cli/internal/core/domain/task_filter.go:68.43,70.2 1 0
github.com/joaohgf/magalu-cli/internal/core/domain/task_filter.go:72.38,74.2 1 0
github.com/joaohgf/magalu-cli/internal/errors/error.go:9.37,14.2 2 0
github.com/joaohgf/magalu-cli/internal/errors/error.go:16.32,18.2 1 0
github.com/joaohgf/magalu-cli/internal/errors/error.go:20.42,22.23 2 0
github.com/joaohgf/magalu-cli/internal/errors/error.go:22.23,24.3 1 0
github.com/joaohgf/magalu-cli/internal/errors/error.go:25.2,25.25 1 0
github.com/joaohgf/magalu-cli/internal/errors/error.go:28.44,30.23 2 0
github.com/joaohgf/magalu-cli/internal/errors/error.go:30.23,32.3 1 0
github.com/joaohgf/magalu-cli/internal/errors/error.go:33.2,33.25 1 0
github.com/joaohgf/magalu-cli/internal/errors/error.go:36.42,38.23 2 0
github.com/joaohgf/magalu-cli/internal/errors/error.go:38.23,40.3 1 0
github.com/joaohgf/magalu-cli/internal/errors/error.go:41.2,41.25 1 0
github.com/joaohgf/magalu-cli/internal/errors/error.go:44.41,46.23 2 0
github.com/joaohgf/magalu-cli/internal/errors/error.go:46.23,48.3 1 0
github.com/joaohgf/magalu-cli/internal/errors/error.go:49.2,49.25 1 0
github.com/joaohgf/magalu-cli/internal/persistence/deleter.go:17.79,19.2 1 0
github.com/joaohgf/magalu-cli/internal/persistence/deleter.go:21.71,22.80 1 0
github.com/joaohgf/magalu-cli/internal/persistence/deleter.go:22.80,24.3 1 0
github.com/joaohgf/magalu-cli/internal/persistence/deleter.go:25.2,25.12 1 0
github.com/joaohgf/magalu-cli/internal/persistence/finder.go:16.77,18.2 1 0
github.com/joaohgf/magalu-cli/internal/persistence/finder.go:20.73,22.84 2 0
github.com/joaohgf/magalu-cli/internal/persistence/finder.go:22.84,24.3 1 0
github.com/joaohgf/magalu-cli/internal/persistence/finder.go:25.2,25.17 1 0
github.com/joaohgf/magalu-cli/internal/persistence/lister.go:19.104,21.2 1 0
github.com/joaohgf/magalu-cli/internal/persistence/lister.go:24.76,26.16 2 0
github.com/joaohgf/magalu-cli/internal/persistence/lister.go:26.16,28.3 1 0
github.com/joaohgf/magalu-cli/internal/persistence/lister.go:29.2,31.20 3 0
github.com/joaohgf/magalu-cli/internal/persistence/lister.go:36.62,38.16 2 0
github.com/joaohgf/magalu-cli/internal/persistence/lister.go:38.16,39.53 1 0
github.com/joaohgf/magalu-cli/internal/persistence/lister.go:39.53,41.4 1 0
github.com/joaohgf/magalu-cli/internal/persistence/lister.go:42.3,42.104 1 0
github.com/joaohgf/magalu-cli/internal/persistence/lister.go:44.2,45.27 2 0
github.com/joaohgf/magalu-cli/internal/persistence/lister.go:45.27,48.52 1 0
github.com/joaohgf/magalu-cli/internal/persistence/lister.go:48.52,49.9 1 0
github.com/joaohgf/magalu-cli/internal/persistence/lister.go:51.3,52.59 2 0
github.com/joaohgf/magalu-cli/internal/persistence/lister.go:52.59,54.4 1 0
github.com/joaohgf/magalu-cli/internal/persistence/lister.go:55.3,55.28 1 0
github.com/joaohgf/magalu-cli/internal/persistence/lister.go:55.28,56.12 1 0
github.com/joaohgf/magalu-cli/internal/persistence/lister.go:58.3,58.26 1 0
github.com/joaohgf/magalu-cli/internal/persistence/lister.go:60.2,61.17 2 0
github.com/joaohgf/magalu-cli/internal/persistence/lister.go:64.65,69.47 2 0
github.com/joaohgf/magalu-cli/internal/persistence/lister.go:69.47,71.3 1 0
github.com/joaohgf/magalu-cli/internal/persistence/lister.go:73.2,76.52 2 0
github.com/joaohgf/magalu-cli/internal/persistence/lister.go:76.52,78.3 1 0
github.com/joaohgf/magalu-cli/internal/persistence/lister.go:79.2,80.14 2 0
github.com/joaohgf/magalu-cli/internal/persistence/saver.go:16.75,18.2 1 0
github.com/joaohgf/magalu-cli/internal/persistence/saver.go:20.72,21.87 1 0
github.com/joaohgf/magalu-cli/internal/persistence/saver.go:21.87,23.3 1 0
github.com/joaohgf/magalu-cli/internal/persistence/saver.go:24.2,24.20 1 0
github.com/joaohgf/magalu-cli/internal/enum/color.go:15.48,16.18 1 0
github.com/joaohgf/magalu-cli/internal/enum/color.go:17.20,18.40 1 0
github.com/joaohgf/magalu-cli/internal/enum/color.go:19.22,20.45 1 0
github.com/joaohgf/magalu-cli/internal/enum/color.go:21.19,22.41 1 0
github.com/joaohgf/magalu-cli/internal/enum/color.go:23.10,24.38 1 0
github.com/joaohgf/magalu-cli/internal/enum/color.go:28.42,29.16 1 0
github.com/joaohgf/magalu-cli/internal/enum/color.go:30.18,31.42 1 0
github.com/joaohgf/magalu-cli/internal/enum/color.go:32.24,33.50 1 0
github.com/joaohgf/magalu-cli/internal/enum/color.go:34.10,35.38 1 0
github.com/joaohgf/magalu-cli/internal/enum/of.go:7.31,12.2 4 0
github.com/joaohgf/magalu-cli/internal/enum/output.go:13.33,15.2 1 0
github.com/joaohgf/magalu-cli/internal/enum/output.go:17.37,19.16 2 0
github.com/joaohgf/magalu-cli/internal/enum/output.go:20.27,21.20 1 0
github.com/joaohgf/magalu-cli/internal/enum/output.go:22.27,23.20 1 0
github.com/joaohgf/magalu-cli/internal/enum/output.go:24.28,25.21 1 0
github.com/joaohgf/magalu-cli/internal/enum/output.go:26.10,27.23 1 0
github.com/joaohgf/magalu-cli/internal/enum/priority.go:12.35,14.2 1 0
github.com/joaohgf/magalu-cli/internal/enum/priority.go:16.41,18.16 2 0
github.com/joaohgf/magalu-cli/internal/enum/priority.go:19.27,20.21 1 0
github.com/joaohgf/magalu-cli/internal/enum/priority.go:21.30,22.24 1 0
github.com/joaohgf/magalu-cli/internal/enum/priority.go:23.28,24.22 1 0
github.com/joaohgf/magalu-cli/internal/enum/priority.go:25.10,26.25 1 0
github.com/joaohgf/magalu-cli/internal/enum/status.go:11.33,13.2 1 0
github.com/joaohgf/magalu-cli/internal/enum/status.go:15.37,17.16 2 0
github.com/joaohgf/magalu-cli/internal/enum/status.go:18.33,19.26 1 0
github.com/joaohgf/magalu-cli/internal/enum/status.go:20.27,21.20 1 0
github.com/joaohgf/magalu-cli/internal/enum/status.go:22.10,23.23 1 0
github.com/joaohgf/magalu-cli/internal/runner/root/root.go:14.26,16.2 1 0
github.com/joaohgf/magalu-cli/internal/runner/root/root.go:19.60,21.16 2 0
github.com/joaohgf/magalu-cli/internal/runner/root/root.go:21.16,23.3 1 0
github.com/joaohgf/magalu-cli/internal/runner/root/root.go:24.2,24.12 1 0
github.com/joaohgf/magalu-cli/internal/runner/root/root.go:29.63,32.18 3 0
github.com/joaohgf/magalu-cli/internal/runner/root/root.go:32.18,34.3 1 0
github.com/joaohgf/magalu-cli/internal/runner/root/root.go:35.2,36.12 2 0
github.com/joaohgf/magalu-cli/internal/render/task/detail.go:21.34,30.2 2 0
github.com/joaohgf/magalu-cli/internal/render/task/detail.go:32.53,45.67 6 0
github.com/joaohgf/magalu-cli/internal/render/task/detail.go:45.67,47.3 1 0
github.com/joaohgf/magalu-cli/internal/render/task/detail.go:48.2,51.49 4 0
github.com/joaohgf/magalu-cli/internal/render/task/detail.go:51.49,53.3 1 0
github.com/joaohgf/magalu-cli/internal/render/task/detail.go:54.2,56.16 3 0
github.com/joaohgf/magalu-cli/internal/render/task/detail.go:56.16,58.3 1 0
github.com/joaohgf/magalu-cli/internal/render/task/detail.go:59.2,60.16 2 0
github.com/joaohgf/magalu-cli/internal/render/task/detail.go:60.16,62.3 1 0
github.com/joaohgf/magalu-cli/internal/render/task/detail.go:63.2,63.12 1 0
github.com/joaohgf/magalu-cli/internal/render/task/detail.go:66.52,70.16 4 0
github.com/joaohgf/magalu-cli/internal/render/task/detail.go:70.16,72.3 1 0
github.com/joaohgf/magalu-cli/internal/render/task/detail.go:73.2,73.12 1 0
github.com/joaohgf/magalu-cli/internal/render/task/detail.go:76.52,79.16 3 0
github.com/joaohgf/magalu-cli/internal/render/task/detail.go:79.16,81.3 1 0
github.com/joaohgf/magalu-cli/internal/render/task/detail.go:82.2,82.12 1 0
github.com/joaohgf/magalu-cli/internal/render/task/list.go:19.22,28.2 2 0
github.com/joaohgf/magalu-cli/internal/render/task/list.go:30.55,32.27 2 0
github.com/joaohgf/magalu-cli/internal/render/task/list.go:32.27,35.17 3 0
github.com/joaohgf/magalu-cli/internal/render/task/list.go:35.17,37.4 1 0
github.com/joaohgf/magalu-cli/internal/render/task/list.go:38.3,38.13 1 0
github.com/joaohgf/magalu-cli/internal/render/task/list.go:40.2,42.35 3 0
github.com/joaohgf/magalu-cli/internal/render/task/list.go:42.35,51.17 2 0
github.com/joaohgf/magalu-cli/internal/render/task/list.go:51.17,53.4 1 0
github.com/joaohgf/magalu-cli/internal/render/task/list.go:55.2,58.16 4 0
github.com/joaohgf/magalu-cli/internal/render/task/list.go:58.16,60.3 1 0
github.com/joaohgf/magalu-cli/internal/render/task/list.go:61.2,61.12 1 0
github.com/joaohgf/magalu-cli/internal/render/task/list.go:64.54,68.16 4 0
github.com/joaohgf/magalu-cli/internal/render/task/list.go:68.16,70.3 1 0
github.com/joaohgf/magalu-cli/internal/render/task/list.go:71.2,71.12 1 0
github.com/joaohgf/magalu-cli/internal/render/task/list.go:74.54,78.16 4 0
github.com/joaohgf/magalu-cli/internal/render/task/list.go:78.16,80.3 1 0
github.com/joaohgf/magalu-cli/internal/render/task/list.go:81.2,81.12 1 0
github.com/joaohgf/magalu-cli/internal/render/render.go:14.53,16.2 1 0
github.com/joaohgf/magalu-cli/internal/render/render.go:18.63,20.9 2 0
github.com/joaohgf/magalu-cli/internal/render/render.go:20.9,22.3 1 0
github.com/joaohgf/magalu-cli/internal/render/render.go:23.2,23.16 1 0
github.com/joaohgf/magalu-cli/internal/render/render.go:24.23,25.27 1 0
github.com/joaohgf/magalu-cli/internal/render/render.go:26.23,27.27 1 0
github.com/joaohgf/magalu-cli/internal/render/render.go:28.10,29.28 1 0
github.com/joaohgf/magalu-cli/internal/core/usecase/task/add.go:19.67,21.2 1 7
github.com/joaohgf/magalu-cli/internal/core/usecase/task/add.go:26.82,28.41 1 7
github.com/joaohgf/magalu-cli/internal/core/usecase/task/add.go:28.41,30.3 1 5
github.com/joaohgf/magalu-cli/internal/core/usecase/task/add.go:31.2,32.16 2 2
github.com/joaohgf/magalu-cli/internal/core/usecase/task/add.go:32.16,34.3 1 1
github.com/joaohgf/magalu-cli/internal/core/usecase/task/add.go:35.2,35.19 1 1
github.com/joaohgf/magalu-cli/internal/core/usecase/task/add.go:38.49,39.17 1 7
github.com/joaohgf/magalu-cli/internal/core/usecase/task/add.go:39.17,41.3 1 1
github.com/joaohgf/magalu-cli/internal/core/usecase/task/add.go:42.2,42.19 1 6
github.com/joaohgf/magalu-cli/internal/core/usecase/task/add.go:42.19,44.3 1 1
github.com/joaohgf/magalu-cli/internal/core/usecase/task/add.go:45.2,45.22 1 5
github.com/joaohgf/magalu-cli/internal/core/usecase/task/add.go:45.22,47.3 1 1
github.com/joaohgf/magalu-cli/internal/core/usecase/task/add.go:48.2,48.43 1 4
github.com/joaohgf/magalu-cli/internal/core/usecase/task/add.go:48.43,50.3 1 1
github.com/joaohgf/magalu-cli/internal/core/usecase/task/add.go:51.2,51.39 1 3
github.com/joaohgf/magalu-cli/internal/core/usecase/task/add.go:51.39,53.3 1 1
github.com/joaohgf/magalu-cli/internal/core/usecase/task/add.go:54.2,54.12 1 2
github.com/joaohgf/magalu-cli/internal/core/usecase/task/delete.go:15.75,17.2 1 4
github.com/joaohgf/magalu-cli/internal/core/usecase/task/delete.go:19.73,20.38 1 4
github.com/joaohgf/magalu-cli/internal/core/usecase/task/delete.go:20.38,22.3 1 2
github.com/joaohgf/magalu-cli/internal/core/usecase/task/delete.go:23.2,24.16 2 2
github.com/joaohgf/magalu-cli/internal/core/usecase/task/delete.go:24.16,26.3 1 1
github.com/joaohgf/magalu-cli/internal/core/usecase/task/delete.go:27.2,27.12 1 1
github.com/joaohgf/magalu-cli/internal/core/usecase/task/done.go:19.9,24.2 1 5
github.com/joaohgf/magalu-cli/internal/core/usecase/task/done.go:26.85,27.38 1 5
github.com/joaohgf/magalu-cli/internal/core/usecase/task/done.go:27.38,29.3 1 2
github.com/joaohgf/magalu-cli/internal/core/usecase/task/done.go:30.2,31.16 2 3
github.com/joaohgf/magalu-cli/internal/core/usecase/task/done.go:31.16,33.3 1 1
github.com/joaohgf/magalu-cli/internal/core/usecase/task/done.go:34.2,36.16 3 2
github.com/joaohgf/magalu-cli/internal/core/usecase/task/done.go:36.16,38.3 1 1
github.com/joaohgf/magalu-cli/internal/core/usecase/task/done.go:39.2,39.25 1 1
github.com/joaohgf/magalu-cli/internal/core/usecase/task/find.go:15.64,17.2 1 3
github.com/joaohgf/magalu-cli/internal/core/usecase/task/find.go:19.85,20.21 1 3
github.com/joaohgf/magalu-cli/internal/core/usecase/task/find.go:20.21,22.3 1 1
github.com/joaohgf/magalu-cli/internal/core/usecase/task/find.go:23.2,24.16 2 2
github.com/joaohgf/magalu-cli/internal/core/usecase/task/find.go:24.16,26.3 1 1
github.com/joaohgf/magalu-cli/internal/core/usecase/task/find.go:27.2,27.18 1 1
github.com/joaohgf/magalu-cli/internal/core/usecase/task/list.go:17.90,19.2 1 0
github.com/joaohgf/magalu-cli/internal/core/usecase/task/list.go:22.96,24.16 2 0
github.com/joaohgf/magalu-cli/internal/core/usecase/task/list.go:24.16,26.3 1 0
github.com/joaohgf/magalu-cli/internal/core/usecase/task/list.go:27.2,28.19 2 0
github.com/joaohgf/magalu-cli/internal/core/usecase/task/list.go:31.58,32.27 1 0
github.com/joaohgf/magalu-cli/internal/core/usecase/task/list.go:32.27,34.3 1 0
github.com/joaohgf/magalu-cli/internal/core/usecase/task/list.go:35.2,35.27 1 0
github.com/joaohgf/magalu-cli/internal/core/usecase/task/list.go:35.27,37.3 1 0
github.com/joaohgf/magalu-cli/internal/core/usecase/task/list.go:38.2,38.12 1 0
github.com/joaohgf/magalu-cli/internal/core/usecase/task/update.go:19.11,24.2 1 7
github.com/joaohgf/magalu-cli/internal/core/usecase/task/update.go:26.87,27.38 1 7
github.com/joaohgf/magalu-cli/internal/core/usecase/task/update.go:27.38,29.3 1 2
github.com/joaohgf/magalu-cli/internal/core/usecase/task/update.go:30.2,31.16 2 5
github.com/joaohgf/magalu-cli/internal/core/usecase/task/update.go:31.16,33.3 1 1
github.com/joaohgf/magalu-cli/internal/core/usecase/task/update.go:34.2,34.28 1 4
github.com/joaohgf/magalu-cli/internal/core/usecase/task/update.go:34.28,36.3 1 2
github.com/joaohgf/magalu-cli/internal/core/usecase/task/update.go:37.2,39.16 3 2
github.com/joaohgf/magalu-cli/internal/core/usecase/task/update.go:39.16,41.3 1 1
github.com/joaohgf/magalu-cli/internal/core/usecase/task/update.go:42.2,42.25 1 1
github.com/joaohgf/magalu-cli/internal/core/usecase/task/update.go:46.72,47.24 1 2
github.com/joaohgf/magalu-cli/internal/core/usecase/task/update.go:47.24,49.3 1 2
github.com/joaohgf/magalu-cli/internal/core/usecase/task/update.go:50.2,50.30 1 2
github.com/joaohgf/magalu-cli/internal/core/usecase/task/update.go:50.30,52.3 1 0
github.com/joaohgf/magalu-cli/internal/core/usecase/task/update.go:53.2,53.36 1 2
github.com/joaohgf/magalu-cli/internal/core/usecase/task/update.go:53.36,55.3 1 0
github.com/joaohgf/magalu-cli/internal/core/usecase/task/update.go:56.2,56.26 1 2
github.com/joaohgf/magalu-cli/internal/core/usecase/task/update.go:56.26,58.3 1 0
github.com/joaohgf/magalu-cli/internal/core/usecase/task/update.go:59.2,59.71 1 2
github.com/joaohgf/magalu-cli/internal/core/usecase/task/update.go:59.71,61.3 1 0
github.com/joaohgf/magalu-cli/internal/core/usecase/task/update.go:62.2,62.17 1 2
github.com/joaohgf/magalu-cli/internal/runner/task/add.go:19.70,21.2 1 3
github.com/joaohgf/magalu-cli/internal/runner/task/add.go:26.67,32.19 6 3
github.com/joaohgf/magalu-cli/internal/runner/task/add.go:32.19,34.3 1 3
github.com/joaohgf/magalu-cli/internal/runner/task/add.go:35.2,44.27 3 3
github.com/joaohgf/magalu-cli/internal/runner/task/add.go:44.27,46.17 2 2
github.com/joaohgf/magalu-cli/internal/runner/task/add.go:46.17,48.4 1 1
github.com/joaohgf/magalu-cli/internal/runner/task/add.go:49.3,49.37 1 1
github.com/joaohgf/magalu-cli/internal/runner/task/add.go:51.2,53.16 3 2
github.com/joaohgf/magalu-cli/internal/runner/task/add.go:53.16,55.3 1 1
github.com/joaohgf/magalu-cli/internal/runner/task/add.go:56.2,57.12 2 1
github.com/joaohgf/magalu-cli/internal/runner/task/delete.go:13.78,15.2 1 2
github.com/joaohgf/magalu-cli/internal/runner/task/delete.go:17.70,19.19 2 2
github.com/joaohgf/magalu-cli/internal/runner/task/delete.go:19.19,21.3 1 2
github.com/joaohgf/magalu-cli/internal/runner/task/delete.go:22.2,22.14 1 2
github.com/joaohgf/magalu-cli/internal/runner/task/delete.go:22.15,23.3 0 2
github.com/joaohgf/magalu-cli/internal/runner/task/delete.go:24.2,27.16 4 2
github.com/joaohgf/magalu-cli/internal/runner/task/delete.go:27.16,29.3 1 1
github.com/joaohgf/magalu-cli/internal/runner/task/delete.go:30.2,31.12 2 1
github.com/joaohgf/magalu-cli/internal/runner/task/done.go:13.72,15.2 1 2
github.com/joaohgf/magalu-cli/internal/runner/task/done.go:17.68,19.19 2 2
github.com/joaohgf/magalu-cli/internal/runner/task/done.go:19.19,21.3 1 2
github.com/joaohgf/magalu-cli/internal/runner/task/done.go:22.2,25.16 4 2
github.com/joaohgf/magalu-cli/internal/runner/task/done.go:25.16,27.3 1 1
github.com/joaohgf/magalu-cli/internal/runner/task/done.go:28.2,29.12 2 1
github.com/joaohgf/magalu-cli/internal/runner/task/find.go:17.15,19.2 1 3
github.com/joaohgf/magalu-cli/internal/runner/task/find.go:21.68,23.19 2 3
github.com/joaohgf/magalu-cli/internal/runner/task/find.go:23.19,25.3 1 3
github.com/joaohgf/magalu-cli/internal/runner/task/find.go:26.2,28.16 3 3
github.com/joaohgf/magalu-cli/internal/runner/task/find.go:28.16,30.3 1 1
github.com/joaohgf/magalu-cli/internal/runner/task/find.go:31.2,32.12 2 2
github.com/joaohgf/magalu-cli/internal/runner/task/list.go:22.15,24.2 1 0
github.com/joaohgf/magalu-cli/internal/runner/task/list.go:26.65,30.94 4 0
github.com/joaohgf/magalu-cli/internal/runner/task/list.go:30.94,32.3 1 0
github.com/joaohgf/magalu-cli/internal/runner/task/list.go:33.2,33.104 1 0
github.com/joaohgf/magalu-cli/internal/runner/task/list.go:33.104,35.3 1 0
github.com/joaohgf/magalu-cli/internal/runner/task/list.go:36.2,38.16 3 0
github.com/joaohgf/magalu-cli/internal/runner/task/list.go:38.16,40.17 2 0
github.com/joaohgf/magalu-cli/internal/runner/task/list.go:40.17,42.4 1 0
github.com/joaohgf/magalu-cli/internal/runner/task/list.go:43.3,43.34 1 0
github.com/joaohgf/magalu-cli/internal/runner/task/list.go:45.2,46.16 2 0
github.com/joaohgf/magalu-cli/internal/runner/task/list.go:46.16,48.17 2 0
github.com/joaohgf/magalu-cli/internal/runner/task/list.go:48.17,50.4 1 0
github.com/joaohgf/magalu-cli/internal/runner/task/list.go:51.3,51.34 1 0
github.com/joaohgf/magalu-cli/internal/runner/task/list.go:53.2,55.16 3 0
github.com/joaohgf/magalu-cli/internal/runner/task/list.go:55.16,57.3 1 0
github.com/joaohgf/magalu-cli/internal/runner/task/list.go:58.2,59.12 2 0
github.com/joaohgf/magalu-cli/internal/runner/task/update.go:17.76,19.2 1 3
github.com/joaohgf/magalu-cli/internal/runner/task/update.go:21.70,23.19 2 3
github.com/joaohgf/magalu-cli/internal/runner/task/update.go:23.19,25.3 1 3
github.com/joaohgf/magalu-cli/internal/runner/task/update.go:26.2,32.20 7 3
github.com/joaohgf/magalu-cli/internal/runner/task/update.go:32.20,34.3 1 3
github.com/joaohgf/magalu-cli/internal/runner/task/update.go:35.2,36.23 2 3
github.com/joaohgf/magalu-cli/internal/runner/task/update.go:36.23,38.17 2 3
github.com/joaohgf/magalu-cli/internal/runner/task/update.go:38.17,40.4 1 1
github.com/joaohgf/magalu-cli/internal/runner/task/update.go:41.3,41.37 1 2
github.com/joaohgf/magalu-cli/internal/runner/task/update.go:43.2,45.16 3 2
github.com/joaohgf/magalu-cli/internal/runner/task/update.go:45.16,47.3 1 1
github.com/joaohgf/magalu-cli/internal/runner/task/update.go:48.2,49.12 2 1
